<?xml version="1.0" encoding="UTF-8"?>
<!-- Generated by org.testng.reporters.JUnitReportReporter -->
<testsuite hostname="DESKTOP-O7768DR" failures="0" tests="3" name="com.mystore.testcases.YourCartPageTest" time="28.585" errors="0" timestamp="2023-02-27T07:20:56 GMT-12:00" skipped="0">
  <testcase classname="com.mystore.testcases.YourCartPageTest" name="clickOnCheckoutBtn" time="7.853"/>
  <system-out/>
  <testcase classname="com.mystore.testcases.YourCartPageTest" name="clickOnCartLogo" time="9.577"/>
  <system-out/>
  <testcase classname="com.mystore.testcases.YourCartPageTest" name="verifyPrice" time="11.155"/>
  <system-out/>
</testsuite> <!-- com.mystore.testcases.YourCartPageTest -->
