<?xml version="1.0" encoding="UTF-8"?>
<!-- Generated by org.testng.reporters.JUnitReportReporter -->
<testsuite hostname="DESKTOP-O7768DR" failures="0" tests="1" name="com.mystore.testcases.AddressPageTest" time="8.505" errors="0" timestamp="2023-02-27T07:20:56 GMT-12:00" skipped="0">
  <testcase classname="com.mystore.testcases.AddressPageTest" name="addressEntry" time="8.505"/>
  <system-out/>
</testsuite> <!-- com.mystore.testcases.AddressPageTest -->
