<?xml version="1.0" encoding="UTF-8"?>
<!-- Generated by org.testng.reporters.JUnitReportReporter -->
<testsuite hostname="DESKTOP-O7768DR" failures="0" tests="3" name="com.mystore.testcases.HomePageTest" time="22.216" errors="0" timestamp="2023-02-27T07:20:56 GMT-12:00" skipped="0">
  <testcase classname="com.mystore.testcases.HomePageTest" name="homePageLogo" time="8.588"/>
  <system-out/>
  <testcase classname="com.mystore.testcases.HomePageTest" name="sortProduct" time="8.198"/>
  <system-out/>
  <testcase classname="com.mystore.testcases.HomePageTest" name="cartButton" time="5.430"/>
  <system-out/>
</testsuite> <!-- com.mystore.testcases.HomePageTest -->
