<?xml version="1.0" encoding="UTF-8"?>
<!-- Generated by org.testng.reporters.JUnitReportReporter -->
<testsuite hostname="DESKTOP-O7768DR" failures="0" tests="3" name="com.mystore.testcases.IndexPageTest" time="30.823" errors="0" timestamp="2023-02-27T07:20:56 GMT-12:00" skipped="0">
  <testcase classname="com.mystore.testcases.IndexPageTest" name="verifyLogo" time="14.567"/>
  <system-out/>
  <testcase classname="com.mystore.testcases.IndexPageTest" name="verifyTitle" time="5.071"/>
  <system-out/>
  <testcase classname="com.mystore.testcases.IndexPageTest" name="logIn" time="11.185"/>
  <system-out/>
</testsuite> <!-- com.mystore.testcases.IndexPageTest -->
