<?xml version="1.0" encoding="UTF-8"?>
<!-- Generated by org.testng.reporters.JUnitReportReporter -->
<testsuite hostname="DESKTOP-O7768DR" failures="0" tests="1" name="com.mystore.testcases.EndToEndTest" time="25.041" errors="0" timestamp="2023-02-27T07:20:56 GMT-12:00" skipped="0">
  <testcase classname="com.mystore.testcases.EndToEndTest" name="endToEndTest" time="25.041"/>
  <system-out/>
</testsuite> <!-- com.mystore.testcases.EndToEndTest -->
